<?xml version="1.0" encoding="UTF-8"?>
<!-- Generated by org.testng.reporters.JUnitReportReporter -->
<testsuite hostname="LAPTOP-LH01B6G4" failures="0" tests="2" name="com.actitime.testscript.CustomerModule" time="0.035" errors="0" timestamp="2024-01-05T12:50:25 IST" skipped="0">
  <testcase classname="com.actitime.testscript.CustomerModule" name="CreateCustomer" time="0.033">
    <system-out>
      <![CDATA[create Customer]]>
    </system-out>
  </testcase> <!-- CreateCustomer -->
  <testcase classname="com.actitime.testscript.CustomerModule" name="DeleteCustomer" time="0.002">
    <system-out>
      <![CDATA[Delete Customer]]>
    </system-out>
  </testcase> <!-- DeleteCustomer -->
  <system-out>
    <![CDATA[create Customer
Delete Customer]]>
  </system-out>
</testsuite> <!-- com.actitime.testscript.CustomerModule -->
